/home/jay/projects/node/chronos/node_modules/hoodie-server/node_modules/multicouch/bin/launch-couchdb-from-app.sh: 1: /home/jay/projects/node/chronos/node_modules/hoodie-server/node_modules/multicouch/bin/launch-couchdb-from-app.sh: mdfind: not found
/home/jay/projects/node/chronos/node_modules/hoodie-server/node_modules/multicouch/bin/launch-couchdb-from-app.sh: 4: cd: can't cd to /Contents/Resources/couchdbx-core
/home/jay/projects/node/chronos/node_modules/hoodie-server/node_modules/multicouch/bin/launch-couchdb-from-app.sh: 5: /home/jay/projects/node/chronos/node_modules/hoodie-server/node_modules/multicouch/bin/launch-couchdb-from-app.sh: ./bin/couchdb: not found
/home/jay/projects/node/chronos/node_modules/hoodie-server/node_modules/multicouch/bin/launch-couchdb-from-app.sh: 1: /home/jay/projects/node/chronos/node_modules/hoodie-server/node_modules/multicouch/bin/launch-couchdb-from-app.sh: mdfind: not found
/home/jay/projects/node/chronos/node_modules/hoodie-server/node_modules/multicouch/bin/launch-couchdb-from-app.sh: 4: cd: can't cd to /Contents/Resources/couchdbx-core
/home/jay/projects/node/chronos/node_modules/hoodie-server/node_modules/multicouch/bin/launch-couchdb-from-app.sh: 5: /home/jay/projects/node/chronos/node_modules/hoodie-server/node_modules/multicouch/bin/launch-couchdb-from-app.sh: ./bin/couchdb: not found

heart_beat_kill_pid = 4954
heart_beat_timeout = 11
heart: Wed May  6 20:52:00 2015: Erlang has closed.
Terminated
sh: echo: I/O error
heart: Wed May  6 20:52:01 2015: Executed "/usr/bin/couchdb -k" -> 256. Terminating.

heart_beat_kill_pid = 4894
heart_beat_timeout = 11
heart: Mon Oct 12 15:47:35 2015: Erlang has closed.
Terminated
sh: echo: I/O error
heart: Mon Oct 12 15:47:36 2015: Executed "/usr/bin/couchdb -k" -> 256. Terminating.

heart_beat_kill_pid = 5868
heart_beat_timeout = 11
heart: Mon Oct 12 16:00:41 2015: Erlang has closed.
Terminated
sh: echo: I/O error
heart: Mon Oct 12 16:00:42 2015: Executed "/usr/bin/couchdb -k" -> 256. Terminating.

heart_beat_kill_pid = 5967
heart_beat_timeout = 11
heart: Mon Oct 12 16:01:24 2015: Erlang has closed.
Terminated
sh: echo: I/O error
heart: Mon Oct 12 16:01:25 2015: Executed "/usr/bin/couchdb -k" -> 256. Terminating.

heart_beat_kill_pid = 6056
heart_beat_timeout = 11
heart: Mon Oct 12 16:25:28 2015: Erlang has closed.
Terminated
sh: echo: I/O error
heart: Mon Oct 12 16:25:28 2015: Executed "/usr/bin/couchdb -k" -> 256. Terminating.

heart_beat_kill_pid = 8344
heart_beat_timeout = 11
heart: Mon Oct 12 17:29:35 2015: Erlang has closed.
Terminated
sh: echo: I/O error
heart: Mon Oct 12 17:29:36 2015: Executed "/usr/bin/couchdb -k" -> 256. Terminating.

heart_beat_kill_pid = 10451
heart_beat_timeout = 11
heart: Mon Oct 12 21:03:04 2015: Erlang has closed.
Terminated
sh: echo: I/O error
heart: Mon Oct 12 21:03:05 2015: Executed "/usr/bin/couchdb -k" -> 256. Terminating.
